<?xml version="1.0" encoding="utf-8"?><testsuites name="pytest tests"><testsuite name="pytest" errors="0" failures="1" skipped="0" tests="18" time="1.547" timestamp="2026-07-08T17:52:20.137064+00:00" hostname="agent-env-766450b9-fd47-4e61-b14b-cc40b286055a"><testcase classname="tests.test_waitlist_pincode.TestWaitlistCreate" name="test_hyderabad_pincode_500033" time="0.274" /><testcase classname="tests.test_waitlist_pincode.TestPincodeCheck" name="test_pincode_check_hyd_500001" time="0.245" /><testcase classname="tests.test_waitlist_pincode.TestPincodeCheck" name="test_pincode_check_hyd_501500" time="0.098" /><testcase classname="tests.test_waitlist_pincode.TestWaitlistCreate" name="test_hyderabad_pincode_501101" time="0.047" /><testcase classname="tests.test_waitlist_pincode.TestWaitlistCreate" name="test_non_hyderabad_pincode_400001" time="0.051" /><testcase classname="tests.test_waitlist_pincode.TestPincodeCheck" name="test_pincode_check_non_hyd_560001" time="0.050" /><testcase classname="tests.test_waitlist_pincode.TestWaitlistCreate" name="test_non_hyderabad_pincode_560001" time="0.089" /><testcase classname="tests.test_waitlist_pincode.TestPincodeCheck" name="test_pincode_check_invalid_short" time="0.053" /><testcase classname="tests.test_waitlist_pincode.TestPincodeCheck" name="test_pincode_check_invalid_alpha" time="0.093" /><testcase classname="tests.test_waitlist_pincode.TestWaitlistCreate" name="test_invalid_pincode_too_short" time="0.045" /><testcase classname="tests.test_waitlist_pincode.TestWaitlistCreate" name="test_invalid_pincode_non_numeric" time="0.049" /><testcase classname="tests.test_waitlist_pincode.TestPincodeCheck" name="test_pincode_check_boundary_499999" time="0.090" /><testcase classname="tests.test_waitlist_pincode.TestWaitlistCreate" name="test_missing_pincode" time="0.047" /><testcase classname="tests.test_waitlist_pincode.TestDuplicateEmail" name="test_duplicate_email_preserves_original_flag" time="0.141" /><testcase classname="tests.test_waitlist_pincode.TestPincodeCheck" name="test_pincode_check_boundary_502000" time="0.051" /><testcase classname="tests.test_waitlist_pincode.TestSanity" name="test_root" time="0.093" /><testcase classname="tests.test_waitlist_pincode.TestDuplicateEmail" name="test_duplicate_email_non_hyd_preserved" time="0.140" /><testcase classname="tests.test_waitlist_pincode.TestSanity" name="test_list_no_object_id_leak" time="0.050"><failure message="assert 500 == 200&#10; +  where 500 = &lt;Response [500]&gt;.status_code">backend/tests/test_waitlist_pincode.py:237: in test_list_no_object_id_leak
    assert r.status_code == 200
E   assert 500 == 200
E    +  where 500 = &lt;Response [500]&gt;.status_code</failure></testcase></testsuite></testsuites>